yarn run v1.22.22
$ next dev
   ▲ Next.js 15.0.3
   - Local:        http://localhost:3000
   - Environments: .env

 ✓ Starting...
 ✓ Ready in 3.8s
 ○ Compiling / ...
[baseline-browser-mapping] The data in this module is over two months old.  To ensure accurate Baseline data, please update: `npm i baseline-browser-mapping@latest -D`

warn - Your `content` configuration includes a pattern which looks like it's accidentally matching all of `node_modules` and can cause serious performance issues.
warn - Pattern: `../../packages/ui/**/*.js`
warn - See our documentation for recommendations:
warn - https://tailwindcss.com/docs/content-configuration#pattern-recommendations
 ✓ Compiled / in 17.5s (734 modules)
 GET / 200 in 19892ms
 ✓ Compiled in 2.4s (358 modules)
 ○ Compiling /api/auth/[...nextauth] ...
 ✓ Compiled /login in 11.3s (1161 modules)
 GET /login 200 in 7495ms
 GET /api/admin/check-exists 200 in 12547ms
 GET /login 200 in 31ms
 GET /api/auth/session 200 in 13733ms
 GET /api/auth/providers 200 in 73ms
 GET /api/auth/csrf 200 in 52ms
 POST /api/auth/callback/credentials 401 in 185ms
 GET /api/admin/check-exists 200 in 91ms
 GET /api/admin/check-exists 200 in 32ms
 GET /login 200 in 136ms
 GET /api/auth/providers 200 in 218ms
 GET /api/auth/csrf 200 in 42ms
 POST /api/auth/callback/credentials 401 in 239ms
 ○ Compiling /register ...
 ✓ Compiled /register in 1947ms (1172 modules)
 GET /register 200 in 2193ms
 GET /api/admin/check-exists 200 in 672ms
 GET /api/admin/check-exists 200 in 50ms
 ○ Compiling /middleware ...
 ✓ Compiled /middleware in 1368ms (193 modules)
 ○ Compiling /dashboard/admin ...
 ✓ Compiled /dashboard/admin in 3.5s (1257 modules)
 GET /dashboard/admin 200 in 4002ms
 ○ Compiling /api/admin/analytics ...
 ✓ Compiled /api/admin/analytics in 1343ms (1259 modules)
 GET /api/admin/analytics?period=daily 200 in 2656ms
 GET /api/admin/analytics?period=daily 200 in 169ms
 ○ Compiling /api/admin/profile ...
 ✓ Compiled /api/admin/profile in 912ms (1261 modules)
 GET /api/admin/profile 200 in 1404ms
 GET /api/admin/profile 200 in 85ms
 ○ Compiling /api/admin/change-password ...
 ✓ Compiled /api/admin/change-password in 1055ms (1261 modules)
 POST /api/admin/change-password 200 in 1599ms
 GET / 200 in 105ms
 GET /api/admin/check-exists 200 in 50ms
 GET /api/admin/check-exists 200 in 36ms
 GET /dashboard/admin 200 in 20ms
 GET /api/admin/analytics?period=daily 200 in 65ms
 GET /api/admin/analytics?period=daily 200 in 51ms
 ○ Compiling /api/admin/users ...
 ✓ Compiled /api/admin/users in 528ms (1263 modules)
 GET /api/admin/users? 200 in 865ms
 GET /api/admin/users? 200 in 38ms
 ○ Compiling /api/admin/guides ...
 ✓ Compiled /api/admin/guides in 538ms (1265 modules)
 GET /api/admin/guides 200 in 794ms
 GET /api/admin/guides 200 in 25ms
 ✓ Compiled /api/admin/accommodations in 362ms (1267 modules)
 GET /api/admin/accommodations 200 in 685ms
 GET /api/admin/accommodations 200 in 117ms
 GET /api/admin/profile 200 in 75ms
 GET /api/admin/profile 200 in 20ms
 GET /api/admin/analytics?period=daily 200 in 87ms
 GET /api/admin/analytics?period=daily 200 in 52ms
 ○ Compiling /api/auth/[...nextauth] ...
 ✓ Compiled /api/auth/[...nextauth] in 18.2s (767 modules)
 GET /api/auth/session 200 in 21692ms
 GET /api/auth/session 200 in 92ms
